\BOOKMARK [0][-]{dummy.1}{\376\377\000A\000b\000s\000t\000r\000a\000c\000t}{}% 1
\BOOKMARK [0][-]{dummy.2}{\376\377\000A\000c\000k\000n\000o\000w\000l\000e\000d\000g\000e\000m\000e\000n\000t\000s}{}% 2
\BOOKMARK [0][-]{dummy.4}{\376\377\000L\000i\000s\000t\000\040\000o\000f\000\040\000F\000i\000g\000u\000r\000e\000s}{}% 3
\BOOKMARK [0][-]{dummy.6}{\376\377\000L\000i\000s\000t\000\040\000o\000f\000\040\000T\000a\000b\000l\000e\000s}{}% 4
\BOOKMARK [0][-]{chapter.8}{\376\377\0001\000\040\000F\000r\000a\000c\000t\000a\000l\000s\000\040\000a\000n\000d\000\040\000t\000h\000e\000i\000r\000\040\000d\000i\000m\000e\000n\000s\000i\000o\000n\000s}{}% 5
\BOOKMARK [1][-]{section.9}{\376\377\0001\000.\0001\000\040\000W\000h\000y\000\040\000a\000\040\000f\000r\000a\000c\000t\000a\000l\000\040\000d\000i\000m\000e\000n\000s\000i\000o\000n\000\040\000i\000s\000\040\000n\000e\000c\000e\000s\000s\000a\000r\000y}{chapter.8}% 6
\BOOKMARK [2][-]{subsection.10}{\376\377\0001\000.\0001\000.\0001\000\040\000E\000x\000a\000m\000p\000l\000e\000\040\000o\000f\000\040\000a\000\040\000f\000r\000a\000c\000t\000a\000l\000:\000\040\000t\000h\000e\000\040\000K\000o\000c\000h\000\040\000c\000u\000r\000v\000e}{section.9}% 7
\BOOKMARK [3][-]{section*.12}{\376\377\000C\000o\000n\000s\000t\000r\000u\000c\000t\000i\000o\000n\000\040\000o\000f\000\040\000t\000h\000e\000\040\000K\000o\000c\000h\000\040\000c\000u\000r\000v\000e\000.}{subsection.10}% 8
\BOOKMARK [2][-]{subsection.21}{\376\377\0001\000.\0001\000.\0002\000\040\000A\000n\000o\000t\000h\000e\000r\000\040\000e\000x\000a\000m\000p\000l\000e\000\040\000o\000f\000\040\000a\000\040\000f\000r\000a\000c\000t\000a\000l\000:\000\040\000t\000h\000e\000\040\000m\000i\000d\000d\000l\000e\000-\000t\000h\000i\000r\000d\000\040\000C\000a\000n\000t\000o\000r\000\040\000s\000e\000t}{section.9}% 9
\BOOKMARK [3][-]{section*.23}{\376\377\000C\000o\000n\000s\000t\000r\000u\000c\000t\000i\000o\000n\000\040\000o\000f\000\040\000t\000h\000e\000\040\000m\000i\000d\000d\000l\000e\000-\000t\000h\000i\000r\000d\000\040\000C\000a\000n\000t\000o\000r\000\040\000s\000e\000t\000.}{subsection.21}% 10
\BOOKMARK [2][-]{subsection.31}{\376\377\0001\000.\0001\000.\0003\000\040\000T\000h\000e\000\040\000a\000m\000b\000i\000g\000u\000i\000t\000y\000\040\000o\000f\000\040\000n\000o\000n\000f\000r\000a\000c\000t\000a\000l\000\040\000g\000e\000o\000m\000e\000t\000r\000y}{section.9}% 11
\BOOKMARK [1][-]{section.36}{\376\377\0001\000.\0002\000\040\000W\000h\000a\000t\000\040\000`\000`\000d\000i\000m\000e\000n\000s\000i\000o\000n\000'\000'\000\040\000m\000e\000a\000n\000s\000:\000\040\000a\000n\000\040\000e\000x\000p\000l\000o\000r\000a\000t\000i\000o\000n\000\040\000o\000f\000\040\000s\000i\000m\000i\000l\000a\000r\000i\000t\000y\000\040\000d\000i\000m\000e\000n\000s\000i\000o\000n}{chapter.8}% 12
\BOOKMARK [2][-]{section*.39}{\376\377\000D\000i\000m\000e\000n\000s\000i\000o\000n\000\040\000o\000f\000\040\000t\000h\000e\000\040\000K\000o\000c\000h\000\040\000c\000u\000r\000v\000e\000.}{section.36}% 13
\BOOKMARK [1][-]{section.42}{\376\377\0001\000.\0003\000\040\000F\000r\000a\000c\000t\000a\000l\000\040\000d\000i\000m\000e\000n\000s\000i\000o\000n\000s}{chapter.8}% 14
\BOOKMARK [2][-]{subsection.43}{\376\377\0001\000.\0003\000.\0001\000\040\000S\000p\000a\000c\000e\000s\000,\000\040\000s\000e\000t\000s\000,\000\040\000a\000n\000d\000\040\000m\000e\000a\000s\000u\000r\000e\000s}{section.42}% 15
\BOOKMARK [2][-]{subsection.54}{\376\377\0001\000.\0003\000.\0002\000\040\000B\000o\000x\000-\000c\000o\000u\000n\000t\000i\000n\000g\000\040\000d\000i\000m\000e\000n\000s\000i\000o\000n}{section.42}% 16
\BOOKMARK [0][-]{chapter.59}{\376\377\0002\000\040\000A\000\040\000c\000o\000m\000p\000u\000t\000a\000t\000i\000o\000n\000a\000l\000\040\000a\000p\000p\000r\000o\000a\000c\000h\000\040\000t\000o\000\040\000b\000o\000x\000-\000c\000o\000u\000n\000t\000i\000n\000g\000\040\000d\000i\000m\000e\000n\000s\000i\000o\000n}{}% 17
\BOOKMARK [0][-]{chapter.63}{\376\377\0003\000\040\000M\000u\000l\000t\000i\000f\000r\000a\000c\000t\000a\000l\000s\000:\000\040\000a\000\040\000b\000r\000i\000e\000f\000\040\000d\000i\000s\000c\000u\000s\000s\000i\000o\000n\000\040\000a\000n\000d\000\040\000a\000\040\000c\000o\000m\000p\000u\000t\000a\000t\000i\000o\000n\000a\000l\000\040\000i\000m\000p\000l\000e\000m\000e\000n\000t\000a\000t\000i\000o\000n}{}% 18
\BOOKMARK [0][-]{appendix.64}{\376\377\000A\000\040\000S\000o\000u\000r\000c\000e\000\040\000C\000o\000d\000e\000\040\000o\000f\000\040\000B\000o\000x\000-\000C\000o\000u\000n\000t\000i\000n\000g\000\040\000M\000o\000d\000u\000l\000e}{}% 19
\BOOKMARK [0][-]{appendix.468}{\376\377\000B\000\040\000S\000o\000u\000r\000c\000e\000\040\000C\000o\000d\000e\000\040\000o\000f\000\040\000M\000u\000l\000t\000i\000f\000r\000a\000c\000t\000a\000l\000\040\000S\000p\000e\000c\000t\000r\000u\000m\000\040\000M\000o\000d\000u\000l\000e}{}% 20
\BOOKMARK [0][-]{appendix.662}{\376\377\000C\000\040\000S\000o\000u\000r\000c\000e\000\040\000C\000o\000d\000e\000\040\000o\000f\000\040\000I\000t\000e\000r\000a\000t\000i\000v\000e\000\040\000F\000u\000n\000c\000t\000i\000o\000n\000\040\000S\000y\000s\000t\000e\000m\000\040\000G\000e\000n\000e\000r\000a\000t\000o\000r}{}% 21
\BOOKMARK [0][-]{dummy.768}{\376\377\000B\000i\000b\000l\000i\000o\000g\000r\000a\000p\000h\000y}{}% 22
