This is pdfTeX, Version 3.1415926-2.4-1.40.13 (TeX Live 2012) (format=pdflatex 2012.6.30)  13 JUN 2013 19:23
entering extended mode
 restricted \write18 enabled.
 file:line:error style messages enabled.
 %&-line parsing enabled.
**Thesis.cls
(./Thesis.cls
LaTeX2e <2011/06/27>
Babel <v3.8m> and hyphenation patterns for english, dumylang, nohyphenation, ge
rman-x-2012-05-30, ngerman-x-2012-05-30, afrikaans, ancientgreek, ibycus, arabi
c, armenian, basque, bulgarian, catalan, pinyin, coptic, croatian, czech, danis
h, dutch, ukenglish, usenglishmax, esperanto, estonian, ethiopic, farsi, finnis
h, french, friulan, galician, german, ngerman, swissgerman, monogreek, greek, h
ungarian, icelandic, assamese, bengali, gujarati, hindi, kannada, malayalam, ma
rathi, oriya, panjabi, tamil, telugu, indonesian, interlingua, irish, italian, 
kurmanji, latin, latvian, lithuanian, mongolian, mongolianlmc, bokmal, nynorsk,
 polish, portuguese, romanian, romansh, russian, sanskrit, serbian, serbianc, s
lovak, slovenian, spanish, swedish, turkish, turkmen, ukrainian, uppersorbian, 
welsh, loaded.

LaTeX Warning: You have requested package `',
               but the package provides `Thesis'.

Package: Thesis 2007/22/02 v1.0 LaTeX document class
./Thesis.cls:42: Use of \@ doesn't match its definition.
\@checkoptions#1#2-> \edef \@curroptions{\@p
                                            tionlist{\@currname.\@currext}} ...
l.42 \@checkoptions{11pt}{{10pt}{11pt}{12pt}}
                                             
? 
./Thesis.cls:42: Emergency stop.
\@checkoptions#1#2-> \edef \@curroptions{\@p
                                            tionlist{\@currname.\@currext}} ...
l.42 \@checkoptions{11pt}{{10pt}{11pt}{12pt}}
                                             
End of file on the terminal!

 
Here is how much of TeX's memory you used:
 9 strings out of 493488
 144 string characters out of 3141326
 49432 words of memory out of 3000000
 3415 multiletter control sequences out of 15000+200000
 3640 words of font info for 14 fonts, out of 3000000 for 9000
 957 hyphenation exceptions out of 8191
 7i,0n,8p,91b,10s stack positions out of 5000i,500n,10000p,200000b,50000s
./Thesis.cls:42:  ==> Fatal error occurred, no output PDF file produced!
